2026/04/10 06:36:12 СоздатьОркестровка [Godville-SK] Задача начинается [START]
2026/04/10 06:36:12 Не удалось загрузить образ, используется существующий образ
2026/04/10 06:36:13 time="2026-04-10T06:36:13Z" level=warning msg="/home/mostok/github/Godville-SK/docker-compose.yml: the attribute `version` is obsolete, it will be ignored, please remove it to avoid potential confusion"
2026/04/10 06:36:13  Image godville-sk-app Building 
2026/04/10 06:36:13 #1 [internal] load local bake definitions
2026/04/10 06:36:13 #1 reading from stdin 510B done
2026/04/10 06:36:13 #1 DONE 0.0s
2026/04/10 06:36:14 
2026/04/10 06:36:14 #2 [internal] load build definition from Dockerfile
2026/04/10 06:36:14 #2 transferring dockerfile: 2.86kB done
2026/04/10 06:36:14 #2 DONE 0.2s
2026/04/10 06:36:14 
2026/04/10 06:36:14 #3 [internal] load metadata for docker.io/library/debian:bullseye-20260406-slim
2026/04/10 06:36:16 #3 ...
2026/04/10 06:36:16 
2026/04/10 06:36:16 #4 [internal] load metadata for docker.io/hexpm/elixir:1.14.0-erlang-25.3.2.8-debian-bullseye-20260406-slim
2026/04/10 06:36:16 #4 DONE 1.6s
2026/04/10 06:36:16 
2026/04/10 06:36:16 #3 [internal] load metadata for docker.io/library/debian:bullseye-20260406-slim
2026/04/10 06:36:16 #3 DONE 1.7s
2026/04/10 06:36:16 
2026/04/10 06:36:16 #5 [internal] load .dockerignore
2026/04/10 06:36:16 #5 transferring context:
2026/04/10 06:36:16 #5 transferring context: 1.31kB done
2026/04/10 06:36:16 #5 DONE 0.2s
2026/04/10 06:36:16 
2026/04/10 06:36:16 #6 [internal] load build context
2026/04/10 06:36:16 #6 DONE 0.0s
2026/04/10 06:36:16 
2026/04/10 06:36:16 #7 [builder  1/17] FROM docker.io/hexpm/elixir:1.14.0-erlang-25.3.2.8-debian-bullseye-20260406-slim@sha256:04aed8d5e4c118ff01c6da9ed13f675b9e514f23600c907befd3ab9de0422fde
2026/04/10 06:36:16 #7 resolve docker.io/hexpm/elixir:1.14.0-erlang-25.3.2.8-debian-bullseye-20260406-slim@sha256:04aed8d5e4c118ff01c6da9ed13f675b9e514f23600c907befd3ab9de0422fde
2026/04/10 06:36:17 #7 resolve docker.io/hexpm/elixir:1.14.0-erlang-25.3.2.8-debian-bullseye-20260406-slim@sha256:04aed8d5e4c118ff01c6da9ed13f675b9e514f23600c907befd3ab9de0422fde 0.6s done
2026/04/10 06:36:17 #7 DONE 0.7s
2026/04/10 06:36:17 
2026/04/10 06:36:17 #8 [stage-1 1/7] FROM docker.io/library/debian:bullseye-20260406-slim@sha256:0083feb8da4f624e3a0245e7752af2517d4b81d8b8db50c725644672a132a31b
2026/04/10 06:36:17 #8 resolve docker.io/library/debian:bullseye-20260406-slim@sha256:0083feb8da4f624e3a0245e7752af2517d4b81d8b8db50c725644672a132a31b 0.6s done
2026/04/10 06:36:17 #8 DONE 0.8s
2026/04/10 06:36:17 
2026/04/10 06:36:17 #9 [stage-1 3/7] RUN sed -i '/en_US.UTF-8/s/^# //g' /etc/locale.gen && locale-gen
2026/04/10 06:36:17 #9 CACHED
2026/04/10 06:36:17 
2026/04/10 06:36:17 #10 [stage-1 4/7] WORKDIR /app
2026/04/10 06:36:17 #10 CACHED
2026/04/10 06:36:17 
2026/04/10 06:36:17 #11 [stage-1 5/7] RUN addgroup --gid 1001 --system app &&     adduser --uid 1001 --system --ingroup app app
2026/04/10 06:36:17 #11 CACHED
2026/04/10 06:36:17 
2026/04/10 06:36:17 #12 [stage-1 2/7] RUN apt-get update -y &&   apt-get install -y libstdc++6 openssl libncurses5 locales ca-certificates tini curl   && apt-get clean && rm -f /var/lib/apt/lists/*_*
2026/04/10 06:36:17 #12 CACHED
2026/04/10 06:36:17 
2026/04/10 06:36:17 #13 [stage-1 6/7] RUN chown -R app:app /app
2026/04/10 06:36:17 #13 CACHED
2026/04/10 06:36:17 
2026/04/10 06:36:17 #6 [internal] load build context
2026/04/10 06:36:17 #6 transferring context: 5.58kB 0.0s done
2026/04/10 06:36:17 #6 DONE 0.5s
2026/04/10 06:36:17 
2026/04/10 06:36:17 #14 [builder 11/17] COPY lib lib
2026/04/10 06:36:17 #14 CACHED
2026/04/10 06:36:17 
2026/04/10 06:36:17 #15 [builder  5/17] COPY mix.exs mix.lock ./
2026/04/10 06:36:17 #15 CACHED
2026/04/10 06:36:17 
2026/04/10 06:36:17 #16 [builder  6/17] RUN mix deps.get --only prod
2026/04/10 06:36:17 #16 CACHED
2026/04/10 06:36:17 
2026/04/10 06:36:17 #17 [builder  4/17] RUN mix local.hex --force &&     mix local.rebar --force
2026/04/10 06:36:17 #17 CACHED
2026/04/10 06:36:17 
2026/04/10 06:36:17 #18 [builder  3/17] WORKDIR /app
2026/04/10 06:36:17 #18 CACHED
2026/04/10 06:36:17 
2026/04/10 06:36:17 #19 [builder  9/17] RUN mix deps.compile
2026/04/10 06:36:17 #19 CACHED
2026/04/10 06:36:17 
2026/04/10 06:36:17 #20 [builder  2/17] RUN apt-get update -y && apt-get install -y build-essential git     && apt-get clean && rm -f /var/lib/apt/lists/*_*
2026/04/10 06:36:17 #20 CACHED
2026/04/10 06:36:17 
2026/04/10 06:36:17 #21 [builder  7/17] RUN mkdir config
2026/04/10 06:36:17 #21 CACHED
2026/04/10 06:36:17 
2026/04/10 06:36:17 #22 [builder  8/17] COPY config/config.exs config/prod.exs config/
2026/04/10 06:36:17 #22 CACHED
2026/04/10 06:36:17 
2026/04/10 06:36:17 #23 [builder 10/17] COPY priv priv
2026/04/10 06:36:17 #23 CACHED
2026/04/10 06:36:17 
2026/04/10 06:36:17 #24 [builder 12/17] COPY assets assets
2026/04/10 06:36:17 #24 CACHED
2026/04/10 06:36:17 
2026/04/10 06:36:17 #25 [builder 13/17] RUN mix assets.deploy
2026/04/10 06:36:21 #25 3.507 
2026/04/10 06:36:21 #25 3.507 06:36:21.204 [debug] Downloading tailwind from https://github.com/tailwindlabs/tailwindcss/releases/download/v3.4.3/tailwindcss-linux-x64
2026/04/10 06:36:29 #25 11.56 
2026/04/10 06:36:29 #25 11.56 Rebuilding...
2026/04/10 06:36:29 #25 12.13 Error: ENOENT: no such file or directory, scandir '/app/deps/heroicons/optimized/24/outline'
2026/04/10 06:36:29 #25 12.13     at Object.readdirSync (node:fs:1405:3)
2026/04/10 06:36:29 #25 12.13     at Object.readdirSync (pkg/prelude/bootstrap.js:1309:35)
2026/04/10 06:36:29 #25 12.13     at /app/assets/tailwind.config.js:119:12
2026/04/10 06:36:29 #25 12.13     at Array.forEach (<anonymous>)
2026/04/10 06:36:29 #25 12.13     at /app/assets/tailwind.config.js:118:13
2026/04/10 06:36:29 #25 12.13     at registerPlugins (/snapshot/tailwindcss/lib/lib/setupContextUtils.js:815:61)
2026/04/10 06:36:29 #25 12.13     at createContext (/snapshot/tailwindcss/lib/lib/setupContextUtils.js:1221:5)
2026/04/10 06:36:29 #25 12.13     at createContext (/snapshot/tailwindcss/lib/processTailwindFeatures.js:44:61)
2026/04/10 06:36:29 #25 12.13     at Object.getContext (/snapshot/tailwindcss/lib/cli/build/plugin.js:200:24)
2026/04/10 06:36:29 #25 12.13     at /snapshot/tailwindcss/lib/cli/build/plugin.js:247:38 {
2026/04/10 06:36:29 #25 12.13   errno: -2,
2026/04/10 06:36:29 #25 12.13   syscall: 'scandir',
2026/04/10 06:36:29 #25 12.13   code: 'ENOENT',
2026/04/10 06:36:29 #25 12.13   path: '/app/deps/heroicons/optimized/24/outline'
2026/04/10 06:36:29 #25 12.13 }
2026/04/10 06:36:30 #25 12.19 ** (Mix) `mix tailwind godville_sk --minify` exited with 1
2026/04/10 06:36:30 #25 ERROR: process "/bin/sh -c mix assets.deploy" did not complete successfully: exit code: 1
2026/04/10 06:36:32 ------
2026/04/10 06:36:32  > [builder 13/17] RUN mix assets.deploy:
2026/04/10 06:36:32 12.13     at createContext (/snapshot/tailwindcss/lib/lib/setupContextUtils.js:1221:5)
2026/04/10 06:36:32 12.13     at createContext (/snapshot/tailwindcss/lib/processTailwindFeatures.js:44:61)
2026/04/10 06:36:32 12.13     at Object.getContext (/snapshot/tailwindcss/lib/cli/build/plugin.js:200:24)
2026/04/10 06:36:32 12.13     at /snapshot/tailwindcss/lib/cli/build/plugin.js:247:38 {
2026/04/10 06:36:32 12.13   errno: -2,
2026/04/10 06:36:32 12.13   syscall: 'scandir',
2026/04/10 06:36:32 12.13   code: 'ENOENT',
2026/04/10 06:36:32 12.13   path: '/app/deps/heroicons/optimized/24/outline'
2026/04/10 06:36:32 12.13 }
2026/04/10 06:36:32 12.19 ** (Mix) `mix tailwind godville_sk --minify` exited with 1
2026/04/10 06:36:32 ------
2026/04/10 06:36:32 WARNING: current commit information was not captured by the build: failed to read current commit information with git rev-parse --is-inside-work-tree
2026/04/10 06:36:32 
2026/04/10 06:36:32 Dockerfile:55
2026/04/10 06:36:32 
2026/04/10 06:36:32 --------------------
2026/04/10 06:36:32 
2026/04/10 06:36:32   53 |     
2026/04/10 06:36:32 
2026/04/10 06:36:32   54 |     # compile assets
2026/04/10 06:36:32 
2026/04/10 06:36:32   55 | >>> RUN mix assets.deploy
2026/04/10 06:36:32 
2026/04/10 06:36:32   56 |     
2026/04/10 06:36:32 
2026/04/10 06:36:32   57 |     # Compile the release
2026/04/10 06:36:32 
2026/04/10 06:36:32 --------------------
2026/04/10 06:36:32 
2026/04/10 06:36:32 failed to solve: process "/bin/sh -c mix assets.deploy" did not complete successfully: exit code: 1
2026/04/10 06:36:32 
2026/04/10 06:36:32 Создать композицию не удалось exit status 1
2026/04/10 06:36:32 Создать композицию не удалось: exit status 1
2026/04/10 06:36:33 [TASK-END]
